<?xml version="1.0" encoding="UTF-8"?>
<testsuite name="com.st11.dbshow.DbshowApplicationTests" tests="1" skipped="0" failures="0" errors="0" timestamp="2019-01-11T02:27:31" hostname="SKP1003167IM001.local" time="1.458">
  <properties/>
  <testcase name="contextLoads" classname="com.st11.dbshow.DbshowApplicationTests" time="1.458"/>
  <system-out><![CDATA[20190111 11:27:28.605 [Test worker] INFO o.s.b.t.c.SpringBootTestContextBootstrapper - Neither @ContextConfiguration nor @ContextHierarchy found for test class [com.st11.dbshow.DbshowApplicationTests], using SpringBootContextLoader 
20190111 11:27:28.610 [Test worker] INFO o.s.t.c.s.AbstractContextLoader - Could not detect default resource locations for test class [com.st11.dbshow.DbshowApplicationTests]: no resource found for suffixes {-context.xml, Context.groovy}. 
20190111 11:27:28.612 [Test worker] INFO o.s.t.c.s.AnnotationConfigContextLoaderUtils - Could not detect default configuration classes for test class [com.st11.dbshow.DbshowApplicationTests]: DbshowApplicationTests does not declare any static, non-private, non-final, nested classes annotated with @Configuration. 
20190111 11:27:28.691 [Test worker] INFO o.s.b.t.c.SpringBootTestContextBootstrapper - Found @SpringBootConfiguration com.st11.dbshow.DbshowApplication for test class com.st11.dbshow.DbshowApplicationTests 
20190111 11:27:28.833 [Test worker] INFO o.s.b.t.c.SpringBootTestContextBootstrapper - Loaded default TestExecutionListener class names from location [META-INF/spring.factories]: [org.springframework.boot.test.autoconfigure.restdocs.RestDocsTestExecutionListener, org.springframework.boot.test.autoconfigure.web.client.MockRestServiceServerResetTestExecutionListener, org.springframework.boot.test.autoconfigure.web.servlet.MockMvcPrintOnlyOnFailureTestExecutionListener, org.springframework.boot.test.autoconfigure.web.servlet.WebDriverTestExecutionListener, org.springframework.boot.test.mock.mockito.MockitoTestExecutionListener, org.springframework.boot.test.mock.mockito.ResetMocksTestExecutionListener, org.springframework.test.context.web.ServletTestExecutionListener, org.springframework.test.context.support.DirtiesContextBeforeModesTestExecutionListener, org.springframework.test.context.support.DependencyInjectionTestExecutionListener, org.springframework.test.context.support.DirtiesContextTestExecutionListener, org.springframework.test.context.transaction.TransactionalTestExecutionListener, org.springframework.test.context.jdbc.SqlScriptsTestExecutionListener] 
20190111 11:27:28.897 [Test worker] INFO o.s.b.t.c.SpringBootTestContextBootstrapper - Using TestExecutionListeners: [org.springframework.test.context.web.ServletTestExecutionListener@3cc6bafc, org.springframework.test.context.support.DirtiesContextBeforeModesTestExecutionListener@7cc6e28e, org.springframework.boot.test.mock.mockito.MockitoTestExecutionListener@20ae37b, org.springframework.boot.test.autoconfigure.SpringBootDependencyInjectionTestExecutionListener@7519d176, org.springframework.test.context.support.DirtiesContextTestExecutionListener@7c818473, org.springframework.test.context.transaction.TransactionalTestExecutionListener@3798cbff, org.springframework.test.context.jdbc.SqlScriptsTestExecutionListener@62dcf74c, org.springframework.boot.test.autoconfigure.restdocs.RestDocsTestExecutionListener@59751800, org.springframework.boot.test.autoconfigure.web.client.MockRestServiceServerResetTestExecutionListener@29a7bd41, org.springframework.boot.test.autoconfigure.web.servlet.MockMvcPrintOnlyOnFailureTestExecutionListener@58115cb9, org.springframework.boot.test.autoconfigure.web.servlet.WebDriverTestExecutionListener@5d72b660, org.springframework.boot.test.mock.mockito.ResetMocksTestExecutionListener@2cb600d6] 

  .   ____          _            __ _ _
 /\\ / ___'_ __ _ _(_)_ __  __ _ \ \ \ \
( ( )\___ | '_ | '_| | '_ \/ _` | \ \ \ \
 \\/  ___)| |_)| | | | | || (_| |  ) ) ) )
  '  |____| .__|_| |_|_| |_\__, | / / / /
 =========|_|==============|___/=/_/_/_/
 :: Spring Boot ::        (v2.1.1.RELEASE)

20190111 11:27:29.333 [Test worker] INFO c.s.d.DbshowApplicationTests - Starting DbshowApplicationTests on SKP1003167IM001.local with PID 31546 (started by 1003167 in /Users/1003167/dev/IdeaProjects/dbshow) 
20190111 11:27:29.333 [Test worker] INFO c.s.d.DbshowApplicationTests - The following profiles are active: local 
20190111 11:27:30.551 [Test worker] INFO o.s.s.c.ThreadPoolTaskExecutor - Initializing ExecutorService 'applicationTaskExecutor' 
20190111 11:27:30.739 [Test worker] INFO o.s.b.a.w.s.WelcomePageHandlerMapping - Adding welcome page template: index 
20190111 11:27:30.892 [Test worker] INFO c.s.d.DbshowApplicationTests - Started DbshowApplicationTests in 1.971 seconds (JVM running for 3.483) 
]]></system-out>
  <system-err><![CDATA[]]></system-err>
</testsuite>
