<?xml version="1.0" encoding="UTF-8"?>
<testsuite name="com.st11.dbshow.DbshowApplicationTests" tests="1" skipped="0" failures="0" errors="0" timestamp="2019-01-14T07:42:47" hostname="SKP1003167IM001.local" time="0.16">
  <properties/>
  <testcase name="contextLoads" classname="com.st11.dbshow.DbshowApplicationTests" time="0.16"/>
  <system-out><![CDATA[20190114 16:42:44.707 [Test worker] INFO o.s.b.t.c.SpringBootTestContextBootstrapper - Neither @ContextConfiguration nor @ContextHierarchy found for test class [com.st11.dbshow.DbshowApplicationTests], using SpringBootContextLoader 
20190114 16:42:44.712 [Test worker] INFO o.s.t.c.s.AbstractContextLoader - Could not detect default resource locations for test class [com.st11.dbshow.DbshowApplicationTests]: no resource found for suffixes {-context.xml, Context.groovy}. 
20190114 16:42:44.713 [Test worker] INFO o.s.t.c.s.AnnotationConfigContextLoaderUtils - Could not detect default configuration classes for test class [com.st11.dbshow.DbshowApplicationTests]: DbshowApplicationTests does not declare any static, non-private, non-final, nested classes annotated with @Configuration. 
20190114 16:42:44.820 [Test worker] INFO o.s.b.t.c.SpringBootTestContextBootstrapper - Found @SpringBootConfiguration com.st11.dbshow.DbshowApplication for test class com.st11.dbshow.DbshowApplicationTests 
20190114 16:42:44.894 [Test worker] INFO o.s.b.t.c.SpringBootTestContextBootstrapper - Loaded default TestExecutionListener class names from location [META-INF/spring.factories]: [org.springframework.boot.test.autoconfigure.restdocs.RestDocsTestExecutionListener, org.springframework.boot.test.autoconfigure.web.client.MockRestServiceServerResetTestExecutionListener, org.springframework.boot.test.autoconfigure.web.servlet.MockMvcPrintOnlyOnFailureTestExecutionListener, org.springframework.boot.test.autoconfigure.web.servlet.WebDriverTestExecutionListener, org.springframework.boot.test.mock.mockito.MockitoTestExecutionListener, org.springframework.boot.test.mock.mockito.ResetMocksTestExecutionListener, org.springframework.test.context.web.ServletTestExecutionListener, org.springframework.test.context.support.DirtiesContextBeforeModesTestExecutionListener, org.springframework.test.context.support.DependencyInjectionTestExecutionListener, org.springframework.test.context.support.DirtiesContextTestExecutionListener, org.springframework.test.context.transaction.TransactionalTestExecutionListener, org.springframework.test.context.jdbc.SqlScriptsTestExecutionListener] 
20190114 16:42:44.906 [Test worker] INFO o.s.b.t.c.SpringBootTestContextBootstrapper - Using TestExecutionListeners: [org.springframework.test.context.web.ServletTestExecutionListener@20ac4590, org.springframework.test.context.support.DirtiesContextBeforeModesTestExecutionListener@3bc87108, org.springframework.boot.test.mock.mockito.MockitoTestExecutionListener@73d4337, org.springframework.boot.test.autoconfigure.SpringBootDependencyInjectionTestExecutionListener@6022290a, org.springframework.test.context.support.DirtiesContextTestExecutionListener@2260605b, org.springframework.test.context.transaction.TransactionalTestExecutionListener@5a58052e, org.springframework.test.context.jdbc.SqlScriptsTestExecutionListener@3711c1a9, org.springframework.boot.test.autoconfigure.restdocs.RestDocsTestExecutionListener@460ac438, org.springframework.boot.test.autoconfigure.web.client.MockRestServiceServerResetTestExecutionListener@67c9061a, org.springframework.boot.test.autoconfigure.web.servlet.MockMvcPrintOnlyOnFailureTestExecutionListener@7da20eb8, org.springframework.boot.test.autoconfigure.web.servlet.WebDriverTestExecutionListener@4487942c, org.springframework.boot.test.mock.mockito.ResetMocksTestExecutionListener@543cb380] 

  .   ____          _            __ _ _
 /\\ / ___'_ __ _ _(_)_ __  __ _ \ \ \ \
( ( )\___ | '_ | '_| | '_ \/ _` | \ \ \ \
 \\/  ___)| |_)| | | | | || (_| |  ) ) ) )
  '  |____| .__|_| |_|_| |_\__, | / / / /
 =========|_|==============|___/=/_/_/_/
 :: Spring Boot ::        (v2.1.1.RELEASE)

20190114 16:42:45.342 [Test worker] INFO c.s.d.DbshowApplicationTests - Starting DbshowApplicationTests on SKP1003167IM001.local with PID 78597 (started by 1003167 in /Users/1003167/dev/IdeaProjects/dbshow) 
20190114 16:42:45.342 [Test worker] INFO c.s.d.DbshowApplicationTests - The following profiles are active: local 
20190114 16:42:46.620 [Test worker] INFO o.s.s.c.ThreadPoolTaskExecutor - Initializing ExecutorService 'applicationTaskExecutor' 
20190114 16:42:46.796 [Test worker] INFO o.s.b.a.w.s.WelcomePageHandlerMapping - Adding welcome page template: index 
20190114 16:42:46.971 [Test worker] INFO c.s.d.DbshowApplicationTests - Started DbshowApplicationTests in 2.036 seconds (JVM running for 3.137) 
]]></system-out>
  <system-err><![CDATA[]]></system-err>
</testsuite>
