<?xml version="1.0" encoding="UTF-8"?>
<testsuite name="com.st11.dbshow.DbshowApplicationTests" tests="1" skipped="0" failures="0" errors="0" timestamp="2019-01-11T02:01:17" hostname="SKP1003167IM001.local" time="0.346">
  <properties/>
  <testcase name="contextLoads" classname="com.st11.dbshow.DbshowApplicationTests" time="0.346"/>
  <system-out><![CDATA[20190111 11:01:14.882 [Test worker] INFO o.s.b.t.c.SpringBootTestContextBootstrapper - Neither @ContextConfiguration nor @ContextHierarchy found for test class [com.st11.dbshow.DbshowApplicationTests], using SpringBootContextLoader 
20190111 11:01:14.889 [Test worker] INFO o.s.t.c.s.AbstractContextLoader - Could not detect default resource locations for test class [com.st11.dbshow.DbshowApplicationTests]: no resource found for suffixes {-context.xml, Context.groovy}. 
20190111 11:01:14.890 [Test worker] INFO o.s.t.c.s.AnnotationConfigContextLoaderUtils - Could not detect default configuration classes for test class [com.st11.dbshow.DbshowApplicationTests]: DbshowApplicationTests does not declare any static, non-private, non-final, nested classes annotated with @Configuration. 
20190111 11:01:15.160 [Test worker] INFO o.s.b.t.c.SpringBootTestContextBootstrapper - Found @SpringBootConfiguration com.st11.dbshow.DbshowApplication for test class com.st11.dbshow.DbshowApplicationTests 
20190111 11:01:15.240 [Test worker] INFO o.s.b.t.c.SpringBootTestContextBootstrapper - Loaded default TestExecutionListener class names from location [META-INF/spring.factories]: [org.springframework.boot.test.autoconfigure.restdocs.RestDocsTestExecutionListener, org.springframework.boot.test.autoconfigure.web.client.MockRestServiceServerResetTestExecutionListener, org.springframework.boot.test.autoconfigure.web.servlet.MockMvcPrintOnlyOnFailureTestExecutionListener, org.springframework.boot.test.autoconfigure.web.servlet.WebDriverTestExecutionListener, org.springframework.boot.test.mock.mockito.MockitoTestExecutionListener, org.springframework.boot.test.mock.mockito.ResetMocksTestExecutionListener, org.springframework.test.context.web.ServletTestExecutionListener, org.springframework.test.context.support.DirtiesContextBeforeModesTestExecutionListener, org.springframework.test.context.support.DependencyInjectionTestExecutionListener, org.springframework.test.context.support.DirtiesContextTestExecutionListener, org.springframework.test.context.transaction.TransactionalTestExecutionListener, org.springframework.test.context.jdbc.SqlScriptsTestExecutionListener] 
20190111 11:01:15.252 [Test worker] INFO o.s.b.t.c.SpringBootTestContextBootstrapper - Using TestExecutionListeners: [org.springframework.test.context.web.ServletTestExecutionListener@4f5c8a17, org.springframework.test.context.support.DirtiesContextBeforeModesTestExecutionListener@28694884, org.springframework.boot.test.mock.mockito.MockitoTestExecutionListener@7fba3c66, org.springframework.boot.test.autoconfigure.SpringBootDependencyInjectionTestExecutionListener@327fd5dc, org.springframework.test.context.support.DirtiesContextTestExecutionListener@1958edb6, org.springframework.test.context.transaction.TransactionalTestExecutionListener@7b97ab71, org.springframework.test.context.jdbc.SqlScriptsTestExecutionListener@5560e169, org.springframework.boot.test.autoconfigure.restdocs.RestDocsTestExecutionListener@197d0f2c, org.springframework.boot.test.autoconfigure.web.client.MockRestServiceServerResetTestExecutionListener@479674e8, org.springframework.boot.test.autoconfigure.web.servlet.MockMvcPrintOnlyOnFailureTestExecutionListener@11c9348, org.springframework.boot.test.autoconfigure.web.servlet.WebDriverTestExecutionListener@532551ab, org.springframework.boot.test.mock.mockito.ResetMocksTestExecutionListener@2250308c] 

  .   ____          _            __ _ _
 /\\ / ___'_ __ _ _(_)_ __  __ _ \ \ \ \
( ( )\___ | '_ | '_| | '_ \/ _` | \ \ \ \
 \\/  ___)| |_)| | | | | || (_| |  ) ) ) )
  '  |____| .__|_| |_|_| |_\__, | / / / /
 =========|_|==============|___/=/_/_/_/
 :: Spring Boot ::        (v2.1.1.RELEASE)

20190111 11:01:15.612 [Test worker] INFO c.s.d.DbshowApplicationTests - Starting DbshowApplicationTests on SKP1003167IM001.local with PID 30183 (started by 1003167 in /Users/1003167/dev/IdeaProjects/dbshow) 
20190111 11:01:15.613 [Test worker] INFO c.s.d.DbshowApplicationTests - The following profiles are active: local 
20190111 11:01:16.923 [Test worker] INFO o.s.s.c.ThreadPoolTaskExecutor - Initializing ExecutorService 'applicationTaskExecutor' 
20190111 11:01:17.133 [Test worker] INFO o.s.b.a.w.s.WelcomePageHandlerMapping - Adding welcome page template: index 
20190111 11:01:17.343 [Test worker] INFO c.s.d.DbshowApplicationTests - Started DbshowApplicationTests in 2.066 seconds (JVM running for 3.679) 
]]></system-out>
  <system-err><![CDATA[]]></system-err>
</testsuite>
