<?xml version="1.0" encoding="UTF-8"?>
<testsuite name="com.st11.dbshow.DbshowApplicationTests" tests="1" skipped="0" failures="0" errors="0" timestamp="2019-01-11T09:43:54" hostname="SKP1003167IM001.local" time="0.307">
  <properties/>
  <testcase name="contextLoads" classname="com.st11.dbshow.DbshowApplicationTests" time="0.307"/>
  <system-out><![CDATA[20190111 18:43:51.743 [Test worker] INFO o.s.b.t.c.SpringBootTestContextBootstrapper - Neither @ContextConfiguration nor @ContextHierarchy found for test class [com.st11.dbshow.DbshowApplicationTests], using SpringBootContextLoader 
20190111 18:43:51.748 [Test worker] INFO o.s.t.c.s.AbstractContextLoader - Could not detect default resource locations for test class [com.st11.dbshow.DbshowApplicationTests]: no resource found for suffixes {-context.xml, Context.groovy}. 
20190111 18:43:51.750 [Test worker] INFO o.s.t.c.s.AnnotationConfigContextLoaderUtils - Could not detect default configuration classes for test class [com.st11.dbshow.DbshowApplicationTests]: DbshowApplicationTests does not declare any static, non-private, non-final, nested classes annotated with @Configuration. 
20190111 18:43:51.882 [Test worker] INFO o.s.b.t.c.SpringBootTestContextBootstrapper - Found @SpringBootConfiguration com.st11.dbshow.DbshowApplication for test class com.st11.dbshow.DbshowApplicationTests 
20190111 18:43:51.957 [Test worker] INFO o.s.b.t.c.SpringBootTestContextBootstrapper - Loaded default TestExecutionListener class names from location [META-INF/spring.factories]: [org.springframework.boot.test.autoconfigure.restdocs.RestDocsTestExecutionListener, org.springframework.boot.test.autoconfigure.web.client.MockRestServiceServerResetTestExecutionListener, org.springframework.boot.test.autoconfigure.web.servlet.MockMvcPrintOnlyOnFailureTestExecutionListener, org.springframework.boot.test.autoconfigure.web.servlet.WebDriverTestExecutionListener, org.springframework.boot.test.mock.mockito.MockitoTestExecutionListener, org.springframework.boot.test.mock.mockito.ResetMocksTestExecutionListener, org.springframework.test.context.web.ServletTestExecutionListener, org.springframework.test.context.support.DirtiesContextBeforeModesTestExecutionListener, org.springframework.test.context.support.DependencyInjectionTestExecutionListener, org.springframework.test.context.support.DirtiesContextTestExecutionListener, org.springframework.test.context.transaction.TransactionalTestExecutionListener, org.springframework.test.context.jdbc.SqlScriptsTestExecutionListener] 
20190111 18:43:51.968 [Test worker] INFO o.s.b.t.c.SpringBootTestContextBootstrapper - Using TestExecutionListeners: [org.springframework.test.context.web.ServletTestExecutionListener@31854f52, org.springframework.test.context.support.DirtiesContextBeforeModesTestExecutionListener@7928ac3a, org.springframework.boot.test.mock.mockito.MockitoTestExecutionListener@35ea4258, org.springframework.boot.test.autoconfigure.SpringBootDependencyInjectionTestExecutionListener@20ac4590, org.springframework.test.context.support.DirtiesContextTestExecutionListener@3bc87108, org.springframework.test.context.transaction.TransactionalTestExecutionListener@73d4337, org.springframework.test.context.jdbc.SqlScriptsTestExecutionListener@6022290a, org.springframework.boot.test.autoconfigure.restdocs.RestDocsTestExecutionListener@2260605b, org.springframework.boot.test.autoconfigure.web.client.MockRestServiceServerResetTestExecutionListener@5a58052e, org.springframework.boot.test.autoconfigure.web.servlet.MockMvcPrintOnlyOnFailureTestExecutionListener@3711c1a9, org.springframework.boot.test.autoconfigure.web.servlet.WebDriverTestExecutionListener@460ac438, org.springframework.boot.test.mock.mockito.ResetMocksTestExecutionListener@67c9061a] 

  .   ____          _            __ _ _
 /\\ / ___'_ __ _ _(_)_ __  __ _ \ \ \ \
( ( )\___ | '_ | '_| | '_ \/ _` | \ \ \ \
 \\/  ___)| |_)| | | | | || (_| |  ) ) ) )
  '  |____| .__|_| |_|_| |_\__, | / / / /
 =========|_|==============|___/=/_/_/_/
 :: Spring Boot ::        (v2.1.1.RELEASE)

20190111 18:43:52.492 [Test worker] INFO c.s.d.DbshowApplicationTests - Starting DbshowApplicationTests on SKP1003167IM001.local with PID 51461 (started by 1003167 in /Users/1003167/dev/IdeaProjects/dbshow) 
20190111 18:43:52.493 [Test worker] INFO c.s.d.DbshowApplicationTests - The following profiles are active: local 
20190111 18:43:53.627 [Test worker] INFO o.s.s.c.ThreadPoolTaskExecutor - Initializing ExecutorService 'applicationTaskExecutor' 
20190111 18:43:53.787 [Test worker] INFO o.s.b.a.w.s.WelcomePageHandlerMapping - Adding welcome page template: index 
20190111 18:43:53.938 [Test worker] INFO c.s.d.DbshowApplicationTests - Started DbshowApplicationTests in 1.872 seconds (JVM running for 3.019) 
]]></system-out>
  <system-err><![CDATA[]]></system-err>
</testsuite>
