<?xml version="1.0" encoding="UTF-8"?>
<testsuite name="com.st11.dbshow.DbshowApplicationTests" tests="1" skipped="0" failures="0" errors="0" timestamp="2019-01-11T01:53:13" hostname="SKP1003167IM001.local" time="0.373">
  <properties/>
  <testcase name="contextLoads" classname="com.st11.dbshow.DbshowApplicationTests" time="0.373"/>
  <system-out><![CDATA[20190111 10:53:11.757 [Test worker] INFO o.s.b.t.c.SpringBootTestContextBootstrapper - Neither @ContextConfiguration nor @ContextHierarchy found for test class [com.st11.dbshow.DbshowApplicationTests], using SpringBootContextLoader 
20190111 10:53:11.762 [Test worker] INFO o.s.t.c.s.AbstractContextLoader - Could not detect default resource locations for test class [com.st11.dbshow.DbshowApplicationTests]: no resource found for suffixes {-context.xml, Context.groovy}. 
20190111 10:53:11.764 [Test worker] INFO o.s.t.c.s.AnnotationConfigContextLoaderUtils - Could not detect default configuration classes for test class [com.st11.dbshow.DbshowApplicationTests]: DbshowApplicationTests does not declare any static, non-private, non-final, nested classes annotated with @Configuration. 
20190111 10:53:11.861 [Test worker] INFO o.s.b.t.c.SpringBootTestContextBootstrapper - Found @SpringBootConfiguration com.st11.dbshow.DbshowApplication for test class com.st11.dbshow.DbshowApplicationTests 
20190111 10:53:11.934 [Test worker] INFO o.s.b.t.c.SpringBootTestContextBootstrapper - Loaded default TestExecutionListener class names from location [META-INF/spring.factories]: [org.springframework.boot.test.autoconfigure.restdocs.RestDocsTestExecutionListener, org.springframework.boot.test.autoconfigure.web.client.MockRestServiceServerResetTestExecutionListener, org.springframework.boot.test.autoconfigure.web.servlet.MockMvcPrintOnlyOnFailureTestExecutionListener, org.springframework.boot.test.autoconfigure.web.servlet.WebDriverTestExecutionListener, org.springframework.boot.test.mock.mockito.MockitoTestExecutionListener, org.springframework.boot.test.mock.mockito.ResetMocksTestExecutionListener, org.springframework.test.context.web.ServletTestExecutionListener, org.springframework.test.context.support.DirtiesContextBeforeModesTestExecutionListener, org.springframework.test.context.support.DependencyInjectionTestExecutionListener, org.springframework.test.context.support.DirtiesContextTestExecutionListener, org.springframework.test.context.transaction.TransactionalTestExecutionListener, org.springframework.test.context.jdbc.SqlScriptsTestExecutionListener] 
20190111 10:53:11.948 [Test worker] INFO o.s.b.t.c.SpringBootTestContextBootstrapper - Using TestExecutionListeners: [org.springframework.test.context.web.ServletTestExecutionListener@11c3a05d, org.springframework.test.context.support.DirtiesContextBeforeModesTestExecutionListener@53b9bce8, org.springframework.boot.test.mock.mockito.MockitoTestExecutionListener@389ffddf, org.springframework.boot.test.autoconfigure.SpringBootDependencyInjectionTestExecutionListener@39da845e, org.springframework.test.context.support.DirtiesContextTestExecutionListener@35171a70, org.springframework.test.context.transaction.TransactionalTestExecutionListener@2bd7aec6, org.springframework.test.context.jdbc.SqlScriptsTestExecutionListener@6c61df66, org.springframework.boot.test.autoconfigure.restdocs.RestDocsTestExecutionListener@1f44ec0, org.springframework.boot.test.autoconfigure.web.client.MockRestServiceServerResetTestExecutionListener@c3d0014, org.springframework.boot.test.autoconfigure.web.servlet.MockMvcPrintOnlyOnFailureTestExecutionListener@1a0a2ecb, org.springframework.boot.test.autoconfigure.web.servlet.WebDriverTestExecutionListener@78725803, org.springframework.boot.test.mock.mockito.ResetMocksTestExecutionListener@5bd38b83] 

  .   ____          _            __ _ _
 /\\ / ___'_ __ _ _(_)_ __  __ _ \ \ \ \
( ( )\___ | '_ | '_| | '_ \/ _` | \ \ \ \
 \\/  ___)| |_)| | | | | || (_| |  ) ) ) )
  '  |____| .__|_| |_|_| |_\__, | / / / /
 =========|_|==============|___/=/_/_/_/
 :: Spring Boot ::        (v2.1.1.RELEASE)

20190111 10:53:12.427 [Test worker] INFO c.s.d.DbshowApplicationTests - Starting DbshowApplicationTests on SKP1003167IM001.local with PID 29729 (started by 1003167 in /Users/1003167/dev/IdeaProjects/dbshow) 
20190111 10:53:12.427 [Test worker] INFO c.s.d.DbshowApplicationTests - The following profiles are active: local 
20190111 10:53:13.556 [Test worker] INFO o.s.s.c.ThreadPoolTaskExecutor - Initializing ExecutorService 'applicationTaskExecutor' 
20190111 10:53:13.730 [Test worker] INFO o.s.b.a.w.s.WelcomePageHandlerMapping - Adding welcome page template: index 
20190111 10:53:13.885 [Test worker] INFO c.s.d.DbshowApplicationTests - Started DbshowApplicationTests in 1.911 seconds (JVM running for 3.682) 
]]></system-out>
  <system-err><![CDATA[]]></system-err>
</testsuite>
